<?xml version="1.0" encoding="UTF-8"?>
<!-- Generated by org.testng.reporters.JUnitReportReporter -->
<testsuite hostname="DESKTOP-E74HTS6" failures="0" tests="1" name="xmleditor.NewTest" time="10.757" errors="0" timestamp="2022-05-24T16:17:18 IST" skipped="0">
  <testcase classname="xmleditor.NewTest" name="f" time="10.757"/>
  <system-out/>
</testsuite> <!-- xmleditor.NewTest -->
