<?xml version="1.0" encoding="UTF-8"?>
<!-- Generated by org.testng.reporters.JUnitReportReporter -->
<testsuite hostname="DESKTOP-E74HTS6" failures="0" tests="1" name="task2.NewTest2" time="14.135" errors="0" timestamp="2022-05-19T10:13:17 IST" skipped="0">
  <testcase classname="task2.NewTest2" name="f" time="14.135"/>
  <system-out/>
</testsuite> <!-- task2.NewTest2 -->
