<?xml version="1.0" encoding="UTF-8"?>
<!-- Generated by org.testng.reporters.JUnitReportReporter -->
<testsuite hostname="DESKTOP-E74HTS6" failures="0" tests="1" name="NewTest2" time="8.089" errors="0" timestamp="2022-05-19T10:02:29 IST" skipped="0">
  <testcase classname="NewTest2" name="f" time="8.089"/>
  <system-out/>
</testsuite> <!-- NewTest2 -->
